{"D:\\Health\\Tools_Catalog\\src\\Components\\ToolsCatalog\\toolsCatalog.jsx": {"path":"D:\\Health\\Tools_Catalog\\src\\Components\\ToolsCatalog\\toolsCatalog.jsx","statementMap":{"0":{"start":{"line":15,"column":21},"end":{"line":210,"column":1}},"1":{"start":{"line":17,"column":36},"end":{"line":17,"column":51}},"2":{"start":{"line":18,"column":36},"end":{"line":18,"column":48}},"3":{"start":{"line":19,"column":38},"end":{"line":19,"column":50}},"4":{"start":{"line":20,"column":38},"end":{"line":20,"column":50}},"5":{"start":{"line":21,"column":52},"end":{"line":21,"column":64}},"6":{"start":{"line":22,"column":44},"end":{"line":22,"column":56}},"7":{"start":{"line":23,"column":42},"end":{"line":23,"column":56}},"8":{"start":{"line":24,"column":50},"end":{"line":24,"column":65}},"9":{"start":{"line":25,"column":19},"end":{"line":25,"column":32}},"10":{"start":{"line":26,"column":2},"end":{"line":32,"column":9}},"11":{"start":{"line":27,"column":4},"end":{"line":31,"column":7}},"12":{"start":{"line":28,"column":6},"end":{"line":28,"column":35}},"13":{"start":{"line":29,"column":6},"end":{"line":29,"column":39}},"14":{"start":{"line":30,"column":6},"end":{"line":30,"column":42}},"15":{"start":{"line":34,"column":2},"end":{"line":38,"column":9}},"16":{"start":{"line":35,"column":4},"end":{"line":37,"column":7}},"17":{"start":{"line":36,"column":6},"end":{"line":36,"column":36}},"18":{"start":{"line":41,"column":30},"end":{"line":57,"column":3}},"19":{"start":{"line":42,"column":26},"end":{"line":42,"column":47}},"20":{"start":{"line":44,"column":4},"end":{"line":50,"column":7}},"21":{"start":{"line":45,"column":6},"end":{"line":49,"column":7}},"22":{"start":{"line":46,"column":8},"end":{"line":46,"column":42}},"23":{"start":{"line":48,"column":8},"end":{"line":48,"column":41}},"24":{"start":{"line":51,"column":4},"end":{"line":56,"column":6}},"25":{"start":{"line":52,"column":60},"end":{"line":55,"column":7}},"26":{"start":{"line":60,"column":2},"end":{"line":62,"column":48}},"27":{"start":{"line":61,"column":4},"end":{"line":61,"column":18}},"28":{"start":{"line":64,"column":22},"end":{"line":76,"column":3}},"29":{"start":{"line":65,"column":19},"end":{"line":65,"column":28}},"30":{"start":{"line":67,"column":4},"end":{"line":71,"column":5}},"31":{"start":{"line":68,"column":6},"end":{"line":70,"column":8}},"32":{"start":{"line":69,"column":8},"end":{"line":69,"column":70}},"33":{"start":{"line":72,"column":4},"end":{"line":74,"column":5}},"34":{"start":{"line":73,"column":6},"end":{"line":73,"column":79}},"35":{"start":{"line":73,"column":43},"end":{"line":73,"column":77}},"36":{"start":{"line":75,"column":4},"end":{"line":75,"column":31}},"37":{"start":{"line":78,"column":23},"end":{"line":80,"column":3}},"38":{"start":{"line":79,"column":4},"end":{"line":79,"column":34}},"39":{"start":{"line":81,"column":30},"end":{"line":83,"column":3}},"40":{"start":{"line":82,"column":4},"end":{"line":82,"column":34}},"41":{"start":{"line":85,"column":26},"end":{"line":90,"column":3}},"42":{"start":{"line":86,"column":4},"end":{"line":86,"column":23}},"43":{"start":{"line":87,"column":4},"end":{"line":87,"column":26}},"44":{"start":{"line":88,"column":4},"end":{"line":88,"column":40}},"45":{"start":{"line":92,"column":2},"end":{"line":209,"column":4}},"46":{"start":{"line":126,"column":16},"end":{"line":135,"column":25}},"47":{"start":{"line":129,"column":33},"end":{"line":129,"column":72}},"48":{"start":{"line":156,"column":22},"end":{"line":167,"column":33}},"49":{"start":{"line":179,"column":16},"end":{"line":201,"column":22}},"50":{"start":{"line":180,"column":55},"end":{"line":180,"column":76}}},"fnMap":{"0":{"name":"(anonymous_0)","decl":{"start":{"line":15,"column":21},"end":{"line":15,"column":22}},"loc":{"start":{"line":15,"column":27},"end":{"line":210,"column":1}},"line":15},"1":{"name":"(anonymous_1)","decl":{"start":{"line":26,"column":12},"end":{"line":26,"column":13}},"loc":{"start":{"line":26,"column":18},"end":{"line":32,"column":3}},"line":26},"2":{"name":"(anonymous_2)","decl":{"start":{"line":27,"column":56},"end":{"line":27,"column":57}},"loc":{"start":{"line":27,"column":70},"end":{"line":31,"column":5}},"line":27},"3":{"name":"(anonymous_3)","decl":{"start":{"line":34,"column":12},"end":{"line":34,"column":13}},"loc":{"start":{"line":34,"column":18},"end":{"line":38,"column":3}},"line":34},"4":{"name":"(anonymous_4)","decl":{"start":{"line":35,"column":55},"end":{"line":35,"column":56}},"loc":{"start":{"line":35,"column":69},"end":{"line":37,"column":5}},"line":35},"5":{"name":"(anonymous_5)","decl":{"start":{"line":41,"column":30},"end":{"line":41,"column":31}},"loc":{"start":{"line":41,"column":41},"end":{"line":57,"column":3}},"line":41},"6":{"name":"(anonymous_6)","decl":{"start":{"line":44,"column":18},"end":{"line":44,"column":19}},"loc":{"start":{"line":44,"column":28},"end":{"line":50,"column":5}},"line":44},"7":{"name":"(anonymous_7)","decl":{"start":{"line":52,"column":40},"end":{"line":52,"column":41}},"loc":{"start":{"line":52,"column":60},"end":{"line":55,"column":7}},"line":52},"8":{"name":"(anonymous_8)","decl":{"start":{"line":60,"column":12},"end":{"line":60,"column":13}},"loc":{"start":{"line":60,"column":18},"end":{"line":62,"column":3}},"line":60},"9":{"name":"(anonymous_9)","decl":{"start":{"line":64,"column":22},"end":{"line":64,"column":23}},"loc":{"start":{"line":64,"column":28},"end":{"line":76,"column":3}},"line":64},"10":{"name":"(anonymous_10)","decl":{"start":{"line":68,"column":33},"end":{"line":68,"column":34}},"loc":{"start":{"line":69,"column":8},"end":{"line":69,"column":70}},"line":69},"11":{"name":"(anonymous_11)","decl":{"start":{"line":73,"column":33},"end":{"line":73,"column":34}},"loc":{"start":{"line":73,"column":43},"end":{"line":73,"column":77}},"line":73},"12":{"name":"(anonymous_12)","decl":{"start":{"line":78,"column":23},"end":{"line":78,"column":24}},"loc":{"start":{"line":78,"column":30},"end":{"line":80,"column":3}},"line":78},"13":{"name":"(anonymous_13)","decl":{"start":{"line":81,"column":30},"end":{"line":81,"column":31}},"loc":{"start":{"line":81,"column":44},"end":{"line":83,"column":3}},"line":81},"14":{"name":"(anonymous_14)","decl":{"start":{"line":85,"column":26},"end":{"line":85,"column":27}},"loc":{"start":{"line":85,"column":36},"end":{"line":90,"column":3}},"line":85},"15":{"name":"(anonymous_15)","decl":{"start":{"line":125,"column":37},"end":{"line":125,"column":38}},"loc":{"start":{"line":126,"column":16},"end":{"line":135,"column":25}},"line":126},"16":{"name":"(anonymous_16)","decl":{"start":{"line":129,"column":27},"end":{"line":129,"column":28}},"loc":{"start":{"line":129,"column":33},"end":{"line":129,"column":72}},"line":129},"17":{"name":"(anonymous_17)","decl":{"start":{"line":155,"column":36},"end":{"line":155,"column":37}},"loc":{"start":{"line":156,"column":22},"end":{"line":167,"column":33}},"line":156},"18":{"name":"(anonymous_18)","decl":{"start":{"line":178,"column":33},"end":{"line":178,"column":34}},"loc":{"start":{"line":179,"column":16},"end":{"line":201,"column":22}},"line":179},"19":{"name":"(anonymous_19)","decl":{"start":{"line":180,"column":49},"end":{"line":180,"column":50}},"loc":{"start":{"line":180,"column":55},"end":{"line":180,"column":76}},"line":180}},"branchMap":{"0":{"loc":{"start":{"line":45,"column":6},"end":{"line":49,"column":7}},"type":"if","locations":[{"start":{"line":45,"column":6},"end":{"line":49,"column":7}},{"start":{"line":47,"column":13},"end":{"line":49,"column":7}}],"line":45},"1":{"loc":{"start":{"line":67,"column":4},"end":{"line":71,"column":5}},"type":"if","locations":[{"start":{"line":67,"column":4},"end":{"line":71,"column":5}},{"start":{},"end":{}}],"line":67},"2":{"loc":{"start":{"line":72,"column":4},"end":{"line":74,"column":5}},"type":"if","locations":[{"start":{"line":72,"column":4},"end":{"line":74,"column":5}},{"start":{},"end":{}}],"line":72},"3":{"loc":{"start":{"line":72,"column":8},"end":{"line":72,"column":54}},"type":"binary-expr","locations":[{"start":{"line":72,"column":8},"end":{"line":72,"column":24}},{"start":{"line":72,"column":28},"end":{"line":72,"column":54}}],"line":72},"4":{"loc":{"start":{"line":94,"column":7},"end":{"line":206,"column":8}},"type":"cond-expr","locations":[{"start":{"line":95,"column":7},"end":{"line":95,"column":12}},{"start":{"line":97,"column":8},"end":{"line":205,"column":14}}],"line":94},"5":{"loc":{"start":{"line":97,"column":24},"end":{"line":97,"column":58}},"type":"cond-expr","locations":[{"start":{"line":97,"column":36},"end":{"line":97,"column":44}},{"start":{"line":97,"column":47},"end":{"line":97,"column":58}}],"line":97},"6":{"loc":{"start":{"line":131,"column":20},"end":{"line":131,"column":76}},"type":"cond-expr","locations":[{"start":{"line":131,"column":62},"end":{"line":131,"column":70}},{"start":{"line":131,"column":73},"end":{"line":131,"column":76}}],"line":131}},"s":{"0":1,"1":9,"2":8,"3":8,"4":8,"5":8,"6":8,"7":8,"8":8,"9":8,"10":0,"11":0,"12":0,"13":0,"14":0,"15":0,"16":0,"17":0,"18":0,"19":0,"20":0,"21":0,"22":0,"23":0,"24":0,"25":0,"26":0,"27":0,"28":0,"29":0,"30":0,"31":0,"32":0,"33":0,"34":0,"35":0,"36":0,"37":0,"38":0,"39":0,"40":0,"41":0,"42":0,"43":0,"44":0,"45":0,"46":0,"47":0,"48":0,"49":0,"50":0},"f":{"0":9,"1":0,"2":0,"3":0,"4":0,"5":0,"6":0,"7":0,"8":0,"9":0,"10":0,"11":0,"12":0,"13":0,"14":0,"15":0,"16":0,"17":0,"18":0,"19":0},"b":{"0":[0,0],"1":[0,0],"2":[0,0],"3":[0,0],"4":[0,0],"5":[0,0],"6":[0,0]},"_coverageSchema":"1a1c01bbd47fc00a2c39e90264f33305004495a9","hash":"d14f6644f1e3160b180a853be31d1efe99977ea3"}
,"D:\\Health\\Tools_Catalog\\src\\Components\\ToolsDetails\\CustomNode.jsx": {"path":"D:\\Health\\Tools_Catalog\\src\\Components\\ToolsDetails\\CustomNode.jsx","statementMap":{"0":{"start":{"line":8,"column":19},"end":{"line":61,"column":1}},"1":{"start":{"line":9,"column":68},"end":{"line":9,"column":72}},"2":{"start":{"line":10,"column":31},"end":{"line":16,"column":3}},"3":{"start":{"line":11,"column":4},"end":{"line":15,"column":5}},"4":{"start":{"line":12,"column":6},"end":{"line":12,"column":21}},"5":{"start":{"line":14,"column":6},"end":{"line":14,"column":23}},"6":{"start":{"line":17,"column":23},"end":{"line":30,"column":3}},"7":{"start":{"line":18,"column":4},"end":{"line":29,"column":5}},"8":{"start":{"line":20,"column":8},"end":{"line":20,"column":74}},"9":{"start":{"line":22,"column":8},"end":{"line":22,"column":78}},"10":{"start":{"line":24,"column":8},"end":{"line":24,"column":84}},"11":{"start":{"line":26,"column":8},"end":{"line":26,"column":77}},"12":{"start":{"line":28,"column":8},"end":{"line":28,"column":84}},"13":{"start":{"line":33,"column":2},"end":{"line":60,"column":4}},"14":{"start":{"line":45,"column":32},"end":{"line":45,"column":51}},"15":{"start":{"line":49,"column":32},"end":{"line":49,"column":53}}},"fnMap":{"0":{"name":"(anonymous_0)","decl":{"start":{"line":8,"column":19},"end":{"line":8,"column":20}},"loc":{"start":{"line":8,"column":36},"end":{"line":61,"column":1}},"line":8},"1":{"name":"(anonymous_1)","decl":{"start":{"line":10,"column":31},"end":{"line":10,"column":32}},"loc":{"start":{"line":10,"column":37},"end":{"line":16,"column":3}},"line":10},"2":{"name":"(anonymous_2)","decl":{"start":{"line":17,"column":23},"end":{"line":17,"column":24}},"loc":{"start":{"line":17,"column":38},"end":{"line":30,"column":3}},"line":17},"3":{"name":"(anonymous_3)","decl":{"start":{"line":45,"column":26},"end":{"line":45,"column":27}},"loc":{"start":{"line":45,"column":32},"end":{"line":45,"column":51}},"line":45},"4":{"name":"(anonymous_4)","decl":{"start":{"line":49,"column":26},"end":{"line":49,"column":27}},"loc":{"start":{"line":49,"column":32},"end":{"line":49,"column":53}},"line":49}},"branchMap":{"0":{"loc":{"start":{"line":11,"column":4},"end":{"line":15,"column":5}},"type":"if","locations":[{"start":{"line":11,"column":4},"end":{"line":15,"column":5}},{"start":{"line":13,"column":11},"end":{"line":15,"column":5}}],"line":11},"1":{"loc":{"start":{"line":18,"column":4},"end":{"line":29,"column":5}},"type":"switch","locations":[{"start":{"line":19,"column":6},"end":{"line":20,"column":74}},{"start":{"line":21,"column":6},"end":{"line":22,"column":78}},{"start":{"line":23,"column":6},"end":{"line":24,"column":84}},{"start":{"line":25,"column":6},"end":{"line":26,"column":77}},{"start":{"line":27,"column":6},"end":{"line":28,"column":84}}],"line":18},"2":{"loc":{"start":{"line":44,"column":11},"end":{"line":52,"column":11}},"type":"cond-expr","locations":[{"start":{"line":45,"column":12},"end":{"line":47,"column":18}},{"start":{"line":49,"column":12},"end":{"line":51,"column":18}}],"line":44}},"s":{"0":1,"1":0,"2":0,"3":0,"4":0,"5":0,"6":0,"7":0,"8":0,"9":0,"10":0,"11":0,"12":0,"13":0,"14":0,"15":0},"f":{"0":0,"1":0,"2":0,"3":0,"4":0},"b":{"0":[0,0],"1":[0,0,0,0,0],"2":[0,0]},"_coverageSchema":"1a1c01bbd47fc00a2c39e90264f33305004495a9","hash":"d237a253b1da53c23132bdaa0f54f1e278005609"}
,"D:\\Health\\Tools_Catalog\\src\\Components\\ToolsDetails\\Mindmap.jsx": {"path":"D:\\Health\\Tools_Catalog\\src\\Components\\ToolsDetails\\Mindmap.jsx","statementMap":{"0":{"start":{"line":10,"column":18},"end":{"line":12,"column":1}},"1":{"start":{"line":14,"column":18},"end":{"line":14,"column":21}},"2":{"start":{"line":15,"column":19},"end":{"line":15,"column":21}},"3":{"start":{"line":17,"column":28},"end":{"line":41,"column":1}},"4":{"start":{"line":18,"column":23},"end":{"line":18,"column":49}},"5":{"start":{"line":19,"column":4},"end":{"line":19,"column":47}},"6":{"start":{"line":19,"column":42},"end":{"line":19,"column":44}},"7":{"start":{"line":20,"column":25},"end":{"line":20,"column":43}},"8":{"start":{"line":21,"column":4},"end":{"line":21,"column":48}},"9":{"start":{"line":22,"column":4},"end":{"line":24,"column":7}},"10":{"start":{"line":23,"column":0},"end":{"line":23,"column":70}},"11":{"start":{"line":25,"column":4},"end":{"line":27,"column":7}},"12":{"start":{"line":26,"column":8},"end":{"line":26,"column":53}},"13":{"start":{"line":28,"column":4},"end":{"line":28,"column":29}},"14":{"start":{"line":29,"column":4},"end":{"line":39,"column":7}},"15":{"start":{"line":30,"column":25},"end":{"line":30,"column":49}},"16":{"start":{"line":31,"column":8},"end":{"line":31,"column":60}},"17":{"start":{"line":32,"column":8},"end":{"line":32,"column":64}},"18":{"start":{"line":34,"column":8},"end":{"line":37,"column":10}},"19":{"start":{"line":38,"column":8},"end":{"line":38,"column":20}},"20":{"start":{"line":40,"column":4},"end":{"line":40,"column":28}},"21":{"start":{"line":43,"column":21},"end":{"line":48,"column":1}},"22":{"start":{"line":44,"column":2},"end":{"line":46,"column":3}},"23":{"start":{"line":45,"column":4},"end":{"line":45,"column":47}},"24":{"start":{"line":47,"column":2},"end":{"line":47,"column":48}},"25":{"start":{"line":50,"column":16},"end":{"line":201,"column":1}},"26":{"start":{"line":51,"column":28},"end":{"line":51,"column":40}},"27":{"start":{"line":52,"column":28},"end":{"line":52,"column":40}},"28":{"start":{"line":53,"column":42},"end":{"line":53,"column":57}},"29":{"start":{"line":55,"column":26},"end":{"line":59,"column":3}},"30":{"start":{"line":56,"column":23},"end":{"line":56,"column":26}},"31":{"start":{"line":57,"column":36},"end":{"line":57,"column":38}},"32":{"start":{"line":58,"column":4},"end":{"line":58,"column":61}},"33":{"start":{"line":61,"column":2},"end":{"line":101,"column":9}},"34":{"start":{"line":62,"column":19},"end":{"line":62,"column":59}},"35":{"start":{"line":63,"column":4},"end":{"line":100,"column":9}},"36":{"start":{"line":65,"column":22},"end":{"line":74,"column":11}},"37":{"start":{"line":65,"column":63},"end":{"line":74,"column":9}},"38":{"start":{"line":75,"column":21},"end":{"line":75,"column":23}},"39":{"start":{"line":76,"column":8},"end":{"line":90,"column":10}},"40":{"start":{"line":78,"column":10},"end":{"line":89,"column":12}},"41":{"start":{"line":79,"column":12},"end":{"line":88,"column":15}},"42":{"start":{"line":85,"column":32},"end":{"line":85,"column":48}},"43":{"start":{"line":86,"column":32},"end":{"line":86,"column":52}},"44":{"start":{"line":91,"column":25},"end":{"line":91,"column":37}},"45":{"start":{"line":92,"column":26},"end":{"line":92,"column":51}},"46":{"start":{"line":93,"column":8},"end":{"line":93,"column":35}},"47":{"start":{"line":94,"column":33},"end":{"line":94,"column":66}},"48":{"start":{"line":95,"column":8},"end":{"line":95,"column":41}},"49":{"start":{"line":96,"column":8},"end":{"line":96,"column":41}},"50":{"start":{"line":99,"column":8},"end":{"line":99,"column":64}},"51":{"start":{"line":102,"column":2},"end":{"line":102,"column":34}},"52":{"start":{"line":103,"column":21},"end":{"line":122,"column":3}},"53":{"start":{"line":104,"column":4},"end":{"line":121,"column":7}},"54":{"start":{"line":105,"column":27},"end":{"line":105,"column":69}},"55":{"start":{"line":105,"column":50},"end":{"line":105,"column":68}},"56":{"start":{"line":106,"column":6},"end":{"line":106,"column":42}},"57":{"start":{"line":106,"column":25},"end":{"line":106,"column":42}},"58":{"start":{"line":108,"column":31},"end":{"line":110,"column":33}},"59":{"start":{"line":109,"column":24},"end":{"line":109,"column":46}},"60":{"start":{"line":110,"column":21},"end":{"line":110,"column":32}},"61":{"start":{"line":112,"column":6},"end":{"line":120,"column":9}},"62":{"start":{"line":113,"column":8},"end":{"line":115,"column":9}},"63":{"start":{"line":114,"column":10},"end":{"line":114,"column":61}},"64":{"start":{"line":116,"column":8},"end":{"line":118,"column":9}},"65":{"start":{"line":117,"column":10},"end":{"line":117,"column":47}},"66":{"start":{"line":119,"column":8},"end":{"line":119,"column":20}},"67":{"start":{"line":124,"column":23},"end":{"line":149,"column":3}},"68":{"start":{"line":125,"column":4},"end":{"line":148,"column":7}},"69":{"start":{"line":126,"column":6},"end":{"line":147,"column":7}},"70":{"start":{"line":127,"column":8},"end":{"line":131,"column":12}},"71":{"start":{"line":127,"column":38},"end":{"line":131,"column":9}},"72":{"start":{"line":133,"column":31},"end":{"line":133,"column":73}},"73":{"start":{"line":133,"column":54},"end":{"line":133,"column":72}},"74":{"start":{"line":134,"column":8},"end":{"line":134,"column":46}},"75":{"start":{"line":134,"column":29},"end":{"line":134,"column":46}},"76":{"start":{"line":135,"column":33},"end":{"line":137,"column":35}},"77":{"start":{"line":136,"column":26},"end":{"line":136,"column":48}},"78":{"start":{"line":137,"column":23},"end":{"line":137,"column":34}},"79":{"start":{"line":138,"column":8},"end":{"line":146,"column":11}},"80":{"start":{"line":139,"column":10},"end":{"line":141,"column":11}},"81":{"start":{"line":140,"column":12},"end":{"line":140,"column":64}},"82":{"start":{"line":142,"column":10},"end":{"line":144,"column":11}},"83":{"start":{"line":143,"column":12},"end":{"line":143,"column":48}},"84":{"start":{"line":145,"column":10},"end":{"line":145,"column":22}},"85":{"start":{"line":150,"column":26},"end":{"line":160,"column":3}},"86":{"start":{"line":151,"column":4},"end":{"line":159,"column":8}},"87":{"start":{"line":151,"column":32},"end":{"line":151,"column":54}},"88":{"start":{"line":151,"column":69},"end":{"line":159,"column":5}},"89":{"start":{"line":161,"column":26},"end":{"line":167,"column":3}},"90":{"start":{"line":162,"column":4},"end":{"line":166,"column":7}},"91":{"start":{"line":163,"column":25},"end":{"line":163,"column":68}},"92":{"start":{"line":163,"column":44},"end":{"line":163,"column":67}},"93":{"start":{"line":164,"column":25},"end":{"line":164,"column":68}},"94":{"start":{"line":164,"column":44},"end":{"line":164,"column":67}},"95":{"start":{"line":165,"column":6},"end":{"line":165,"column":102}},"96":{"start":{"line":168,"column":23},"end":{"line":168,"column":40}},"97":{"start":{"line":169,"column":23},"end":{"line":169,"column":40}},"98":{"start":{"line":170,"column":19},"end":{"line":175,"column":3}},"99":{"start":{"line":176,"column":2},"end":{"line":200,"column":4}},"100":{"start":{"line":188,"column":14},"end":{"line":192,"column":15}},"101":{"start":{"line":189,"column":16},"end":{"line":189,"column":36}},"102":{"start":{"line":191,"column":16},"end":{"line":191,"column":38}}},"fnMap":{"0":{"name":"(anonymous_0)","decl":{"start":{"line":17,"column":28},"end":{"line":17,"column":29}},"loc":{"start":{"line":17,"column":64},"end":{"line":41,"column":1}},"line":17},"1":{"name":"(anonymous_1)","decl":{"start":{"line":19,"column":35},"end":{"line":19,"column":36}},"loc":{"start":{"line":19,"column":42},"end":{"line":19,"column":44}},"line":19},"2":{"name":"(anonymous_2)","decl":{"start":{"line":22,"column":18},"end":{"line":22,"column":19}},"loc":{"start":{"line":22,"column":28},"end":{"line":24,"column":5}},"line":22},"3":{"name":"(anonymous_3)","decl":{"start":{"line":25,"column":18},"end":{"line":25,"column":19}},"loc":{"start":{"line":25,"column":28},"end":{"line":27,"column":5}},"line":25},"4":{"name":"(anonymous_4)","decl":{"start":{"line":29,"column":18},"end":{"line":29,"column":19}},"loc":{"start":{"line":29,"column":28},"end":{"line":39,"column":5}},"line":29},"5":{"name":"(anonymous_5)","decl":{"start":{"line":43,"column":21},"end":{"line":43,"column":22}},"loc":{"start":{"line":43,"column":59},"end":{"line":48,"column":1}},"line":43},"6":{"name":"(anonymous_6)","decl":{"start":{"line":50,"column":16},"end":{"line":50,"column":17}},"loc":{"start":{"line":50,"column":22},"end":{"line":201,"column":1}},"line":50},"7":{"name":"(anonymous_7)","decl":{"start":{"line":55,"column":26},"end":{"line":55,"column":27}},"loc":{"start":{"line":55,"column":40},"end":{"line":59,"column":3}},"line":55},"8":{"name":"(anonymous_8)","decl":{"start":{"line":61,"column":12},"end":{"line":61,"column":13}},"loc":{"start":{"line":61,"column":18},"end":{"line":101,"column":3}},"line":61},"9":{"name":"(anonymous_9)","decl":{"start":{"line":64,"column":25},"end":{"line":64,"column":26}},"loc":{"start":{"line":64,"column":44},"end":{"line":97,"column":7}},"line":64},"10":{"name":"(anonymous_10)","decl":{"start":{"line":65,"column":45},"end":{"line":65,"column":46}},"loc":{"start":{"line":65,"column":63},"end":{"line":74,"column":9}},"line":65},"11":{"name":"(anonymous_11)","decl":{"start":{"line":76,"column":35},"end":{"line":76,"column":36}},"loc":{"start":{"line":76,"column":45},"end":{"line":90,"column":9}},"line":76},"12":{"name":"(anonymous_12)","decl":{"start":{"line":78,"column":34},"end":{"line":78,"column":35}},"loc":{"start":{"line":78,"column":44},"end":{"line":89,"column":11}},"line":78},"13":{"name":"(anonymous_13)","decl":{"start":{"line":85,"column":27},"end":{"line":85,"column":28}},"loc":{"start":{"line":85,"column":32},"end":{"line":85,"column":48}},"line":85},"14":{"name":"(anonymous_14)","decl":{"start":{"line":86,"column":27},"end":{"line":86,"column":28}},"loc":{"start":{"line":86,"column":32},"end":{"line":86,"column":52}},"line":86},"15":{"name":"(anonymous_15)","decl":{"start":{"line":98,"column":13},"end":{"line":98,"column":14}},"loc":{"start":{"line":98,"column":22},"end":{"line":100,"column":7}},"line":98},"16":{"name":"(anonymous_16)","decl":{"start":{"line":103,"column":21},"end":{"line":103,"column":22}},"loc":{"start":{"line":103,"column":33},"end":{"line":122,"column":3}},"line":103},"17":{"name":"(anonymous_17)","decl":{"start":{"line":104,"column":13},"end":{"line":104,"column":14}},"loc":{"start":{"line":104,"column":28},"end":{"line":121,"column":5}},"line":104},"18":{"name":"(anonymous_18)","decl":{"start":{"line":105,"column":42},"end":{"line":105,"column":43}},"loc":{"start":{"line":105,"column":50},"end":{"line":105,"column":68}},"line":105},"19":{"name":"(anonymous_19)","decl":{"start":{"line":109,"column":16},"end":{"line":109,"column":17}},"loc":{"start":{"line":109,"column":24},"end":{"line":109,"column":46}},"line":109},"20":{"name":"(anonymous_20)","decl":{"start":{"line":110,"column":13},"end":{"line":110,"column":14}},"loc":{"start":{"line":110,"column":21},"end":{"line":110,"column":32}},"line":110},"21":{"name":"(anonymous_21)","decl":{"start":{"line":112,"column":27},"end":{"line":112,"column":28}},"loc":{"start":{"line":112,"column":35},"end":{"line":120,"column":7}},"line":112},"22":{"name":"(anonymous_22)","decl":{"start":{"line":124,"column":23},"end":{"line":124,"column":24}},"loc":{"start":{"line":124,"column":35},"end":{"line":149,"column":3}},"line":124},"23":{"name":"(anonymous_23)","decl":{"start":{"line":125,"column":13},"end":{"line":125,"column":14}},"loc":{"start":{"line":125,"column":28},"end":{"line":148,"column":5}},"line":125},"24":{"name":"(anonymous_24)","decl":{"start":{"line":127,"column":29},"end":{"line":127,"column":30}},"loc":{"start":{"line":127,"column":38},"end":{"line":131,"column":9}},"line":127},"25":{"name":"(anonymous_25)","decl":{"start":{"line":133,"column":46},"end":{"line":133,"column":47}},"loc":{"start":{"line":133,"column":54},"end":{"line":133,"column":72}},"line":133},"26":{"name":"(anonymous_26)","decl":{"start":{"line":136,"column":18},"end":{"line":136,"column":19}},"loc":{"start":{"line":136,"column":26},"end":{"line":136,"column":48}},"line":136},"27":{"name":"(anonymous_27)","decl":{"start":{"line":137,"column":15},"end":{"line":137,"column":16}},"loc":{"start":{"line":137,"column":23},"end":{"line":137,"column":34}},"line":137},"28":{"name":"(anonymous_28)","decl":{"start":{"line":138,"column":29},"end":{"line":138,"column":30}},"loc":{"start":{"line":138,"column":37},"end":{"line":146,"column":9}},"line":138},"29":{"name":"(anonymous_29)","decl":{"start":{"line":150,"column":26},"end":{"line":150,"column":27}},"loc":{"start":{"line":150,"column":32},"end":{"line":160,"column":3}},"line":150},"30":{"name":"(anonymous_30)","decl":{"start":{"line":151,"column":24},"end":{"line":151,"column":25}},"loc":{"start":{"line":151,"column":32},"end":{"line":151,"column":54}},"line":151},"31":{"name":"(anonymous_31)","decl":{"start":{"line":151,"column":60},"end":{"line":151,"column":61}},"loc":{"start":{"line":151,"column":69},"end":{"line":159,"column":5}},"line":151},"32":{"name":"(anonymous_32)","decl":{"start":{"line":161,"column":26},"end":{"line":161,"column":27}},"loc":{"start":{"line":161,"column":32},"end":{"line":167,"column":3}},"line":161},"33":{"name":"(anonymous_33)","decl":{"start":{"line":162,"column":24},"end":{"line":162,"column":25}},"loc":{"start":{"line":162,"column":32},"end":{"line":166,"column":5}},"line":162},"34":{"name":"(anonymous_34)","decl":{"start":{"line":163,"column":36},"end":{"line":163,"column":37}},"loc":{"start":{"line":163,"column":44},"end":{"line":163,"column":67}},"line":163},"35":{"name":"(anonymous_35)","decl":{"start":{"line":164,"column":36},"end":{"line":164,"column":37}},"loc":{"start":{"line":164,"column":44},"end":{"line":164,"column":67}},"line":164},"36":{"name":"(anonymous_36)","decl":{"start":{"line":187,"column":25},"end":{"line":187,"column":26}},"loc":{"start":{"line":187,"column":42},"end":{"line":193,"column":13}},"line":187}},"branchMap":{"0":{"loc":{"start":{"line":17,"column":43},"end":{"line":17,"column":59}},"type":"default-arg","locations":[{"start":{"line":17,"column":55},"end":{"line":17,"column":59}}],"line":17},"1":{"loc":{"start":{"line":31,"column":30},"end":{"line":31,"column":59}},"type":"cond-expr","locations":[{"start":{"line":31,"column":45},"end":{"line":31,"column":51}},{"start":{"line":31,"column":54},"end":{"line":31,"column":59}}],"line":31},"2":{"loc":{"start":{"line":32,"column":30},"end":{"line":32,"column":63}},"type":"cond-expr","locations":[{"start":{"line":32,"column":45},"end":{"line":32,"column":52}},{"start":{"line":32,"column":55},"end":{"line":32,"column":63}}],"line":32},"3":{"loc":{"start":{"line":44,"column":2},"end":{"line":46,"column":3}},"type":"if","locations":[{"start":{"line":44,"column":2},"end":{"line":46,"column":3}},{"start":{},"end":{}}],"line":44},"4":{"loc":{"start":{"line":44,"column":6},"end":{"line":44,"column":66}},"type":"binary-expr","locations":[{"start":{"line":44,"column":6},"end":{"line":44,"column":35}},{"start":{"line":44,"column":39},"end":{"line":44,"column":66}}],"line":44},"5":{"loc":{"start":{"line":71,"column":23},"end":{"line":71,"column":55}},"type":"binary-expr","locations":[{"start":{"line":71,"column":23},"end":{"line":71,"column":42}},{"start":{"line":71,"column":46},"end":{"line":71,"column":55}}],"line":71},"6":{"loc":{"start":{"line":106,"column":6},"end":{"line":106,"column":42}},"type":"if","locations":[{"start":{"line":106,"column":6},"end":{"line":106,"column":42}},{"start":{},"end":{}}],"line":106},"7":{"loc":{"start":{"line":113,"column":8},"end":{"line":115,"column":9}},"type":"if","locations":[{"start":{"line":113,"column":8},"end":{"line":115,"column":9}},{"start":{},"end":{}}],"line":113},"8":{"loc":{"start":{"line":116,"column":8},"end":{"line":118,"column":9}},"type":"if","locations":[{"start":{"line":116,"column":8},"end":{"line":118,"column":9}},{"start":{},"end":{}}],"line":116},"9":{"loc":{"start":{"line":126,"column":6},"end":{"line":147,"column":7}},"type":"if","locations":[{"start":{"line":126,"column":6},"end":{"line":147,"column":7}},{"start":{"line":132,"column":13},"end":{"line":147,"column":7}}],"line":126},"10":{"loc":{"start":{"line":134,"column":8},"end":{"line":134,"column":46}},"type":"if","locations":[{"start":{"line":134,"column":8},"end":{"line":134,"column":46}},{"start":{},"end":{}}],"line":134},"11":{"loc":{"start":{"line":139,"column":10},"end":{"line":141,"column":11}},"type":"if","locations":[{"start":{"line":139,"column":10},"end":{"line":141,"column":11}},{"start":{},"end":{}}],"line":139},"12":{"loc":{"start":{"line":142,"column":10},"end":{"line":144,"column":11}},"type":"if","locations":[{"start":{"line":142,"column":10},"end":{"line":144,"column":11}},{"start":{},"end":{}}],"line":142},"13":{"loc":{"start":{"line":165,"column":13},"end":{"line":165,"column":101}},"type":"binary-expr","locations":[{"start":{"line":165,"column":13},"end":{"line":165,"column":23}},{"start":{"line":165,"column":27},"end":{"line":165,"column":37}},{"start":{"line":165,"column":41},"end":{"line":165,"column":69}},{"start":{"line":165,"column":73},"end":{"line":165,"column":101}}],"line":165},"14":{"loc":{"start":{"line":188,"column":14},"end":{"line":192,"column":15}},"type":"if","locations":[{"start":{"line":188,"column":14},"end":{"line":192,"column":15}},{"start":{"line":190,"column":21},"end":{"line":192,"column":15}}],"line":188}},"s":{"0":1,"1":1,"2":1,"3":1,"4":0,"5":0,"6":0,"7":0,"8":0,"9":0,"10":0,"11":0,"12":0,"13":0,"14":0,"15":0,"16":0,"17":0,"18":0,"19":0,"20":0,"21":1,"22":0,"23":0,"24":0,"25":1,"26":0,"27":0,"28":0,"29":0,"30":0,"31":0,"32":0,"33":0,"34":0,"35":0,"36":0,"37":0,"38":0,"39":0,"40":0,"41":0,"42":0,"43":0,"44":0,"45":0,"46":0,"47":0,"48":0,"49":0,"50":0,"51":0,"52":0,"53":0,"54":0,"55":0,"56":0,"57":0,"58":0,"59":0,"60":0,"61":0,"62":0,"63":0,"64":0,"65":0,"66":0,"67":0,"68":0,"69":0,"70":0,"71":0,"72":0,"73":0,"74":0,"75":0,"76":0,"77":0,"78":0,"79":0,"80":0,"81":0,"82":0,"83":0,"84":0,"85":0,"86":0,"87":0,"88":0,"89":0,"90":0,"91":0,"92":0,"93":0,"94":0,"95":0,"96":0,"97":0,"98":0,"99":0,"100":0,"101":0,"102":0},"f":{"0":0,"1":0,"2":0,"3":0,"4":0,"5":0,"6":0,"7":0,"8":0,"9":0,"10":0,"11":0,"12":0,"13":0,"14":0,"15":0,"16":0,"17":0,"18":0,"19":0,"20":0,"21":0,"22":0,"23":0,"24":0,"25":0,"26":0,"27":0,"28":0,"29":0,"30":0,"31":0,"32":0,"33":0,"34":0,"35":0,"36":0},"b":{"0":[0],"1":[0,0],"2":[0,0],"3":[0,0],"4":[0,0],"5":[0,0],"6":[0,0],"7":[0,0],"8":[0,0],"9":[0,0],"10":[0,0],"11":[0,0],"12":[0,0],"13":[0,0,0,0],"14":[0,0]},"_coverageSchema":"1a1c01bbd47fc00a2c39e90264f33305004495a9","hash":"6e8c3c5bad3941c2eecba2cb799bb61c4057bf90"}
,"D:\\Health\\Tools_Catalog\\src\\Components\\ToolsDetails\\breadCrumbs.jsx": {"path":"D:\\Health\\Tools_Catalog\\src\\Components\\ToolsDetails\\breadCrumbs.jsx","statementMap":{"0":{"start":{"line":14,"column":42},"end":{"line":14,"column":56}},"1":{"start":{"line":17,"column":4},"end":{"line":17,"column":27}},"2":{"start":{"line":18,"column":4},"end":{"line":18,"column":46}},"3":{"start":{"line":21,"column":2},"end":{"line":40,"column":4}}},"fnMap":{"0":{"name":"BasicBreadcrumbs","decl":{"start":{"line":13,"column":24},"end":{"line":13,"column":40}},"loc":{"start":{"line":13,"column":43},"end":{"line":41,"column":1}},"line":13},"1":{"name":"handleClick","decl":{"start":{"line":16,"column":11},"end":{"line":16,"column":22}},"loc":{"start":{"line":16,"column":30},"end":{"line":19,"column":3}},"line":16}},"branchMap":{"0":{"loc":{"start":{"line":31,"column":23},"end":{"line":31,"column":73}},"type":"cond-expr","locations":[{"start":{"line":31,"column":58},"end":{"line":31,"column":68}},{"start":{"line":31,"column":71},"end":{"line":31,"column":73}}],"line":31}},"s":{"0":0,"1":0,"2":0,"3":0},"f":{"0":0,"1":0},"b":{"0":[0,0]},"_coverageSchema":"1a1c01bbd47fc00a2c39e90264f33305004495a9","hash":"8f0f3c52737502ce92acf34fbbd6f89360a66ef1"}
,"D:\\Health\\Tools_Catalog\\src\\Components\\ToolsDetails\\toolsDetails.jsx": {"path":"D:\\Health\\Tools_Catalog\\src\\Components\\ToolsDetails\\toolsDetails.jsx","statementMap":{"0":{"start":{"line":25,"column":20},"end":{"line":258,"column":1}},"1":{"start":{"line":26,"column":25},"end":{"line":26,"column":37}},"2":{"start":{"line":28,"column":42},"end":{"line":28,"column":54}},"3":{"start":{"line":29,"column":38},"end":{"line":29,"column":50}},"4":{"start":{"line":30,"column":44},"end":{"line":30,"column":56}},"5":{"start":{"line":31,"column":48},"end":{"line":31,"column":63}},"6":{"start":{"line":32,"column":36},"end":{"line":32,"column":48}},"7":{"start":{"line":33,"column":38},"end":{"line":33,"column":50}},"8":{"start":{"line":34,"column":19},"end":{"line":34,"column":32}},"9":{"start":{"line":35,"column":13},"end":{"line":35,"column":24}},"10":{"start":{"line":38,"column":0},"end":{"line":44,"column":9}},"11":{"start":{"line":39,"column":2},"end":{"line":43,"column":5}},"12":{"start":{"line":40,"column":6},"end":{"line":40,"column":30}},"13":{"start":{"line":41,"column":6},"end":{"line":41,"column":39}},"14":{"start":{"line":46,"column":0},"end":{"line":50,"column":7}},"15":{"start":{"line":47,"column":2},"end":{"line":49,"column":5}},"16":{"start":{"line":48,"column":6},"end":{"line":48,"column":38}},"17":{"start":{"line":60,"column":23},"end":{"line":67,"column":3}},"18":{"start":{"line":61,"column":24},"end":{"line":61,"column":38}},"19":{"start":{"line":62,"column":4},"end":{"line":62,"column":31}},"20":{"start":{"line":63,"column":4},"end":{"line":63,"column":29}},"21":{"start":{"line":64,"column":4},"end":{"line":66,"column":5}},"22":{"start":{"line":65,"column":6},"end":{"line":65,"column":32}},"23":{"start":{"line":69,"column":29},"end":{"line":76,"column":3}},"24":{"start":{"line":70,"column":18},"end":{"line":72,"column":5}},"25":{"start":{"line":71,"column":6},"end":{"line":71,"column":63}},"26":{"start":{"line":73,"column":4},"end":{"line":73,"column":24}},"27":{"start":{"line":74,"column":4},"end":{"line":74,"column":30}},"28":{"start":{"line":75,"column":4},"end":{"line":75,"column":28}},"29":{"start":{"line":78,"column":22},"end":{"line":84,"column":3}},"30":{"start":{"line":85,"column":26},"end":{"line":88,"column":3}},"31":{"start":{"line":87,"column":4},"end":{"line":87,"column":31}},"32":{"start":{"line":90,"column":2},"end":{"line":92,"column":3}},"33":{"start":{"line":91,"column":4},"end":{"line":91,"column":16}},"34":{"start":{"line":94,"column":20},"end":{"line":100,"column":3}},"35":{"start":{"line":102,"column":22},"end":{"line":107,"column":3}},"36":{"start":{"line":109,"column":22},"end":{"line":113,"column":3}},"37":{"start":{"line":115,"column":2},"end":{"line":257,"column":4}},"38":{"start":{"line":131,"column":18},"end":{"line":131,"column":100}}},"fnMap":{"0":{"name":"(anonymous_0)","decl":{"start":{"line":25,"column":20},"end":{"line":25,"column":21}},"loc":{"start":{"line":25,"column":26},"end":{"line":258,"column":1}},"line":25},"1":{"name":"(anonymous_1)","decl":{"start":{"line":38,"column":10},"end":{"line":38,"column":11}},"loc":{"start":{"line":38,"column":16},"end":{"line":44,"column":1}},"line":38},"2":{"name":"(anonymous_2)","decl":{"start":{"line":39,"column":60},"end":{"line":39,"column":61}},"loc":{"start":{"line":39,"column":74},"end":{"line":43,"column":3}},"line":39},"3":{"name":"(anonymous_3)","decl":{"start":{"line":46,"column":10},"end":{"line":46,"column":11}},"loc":{"start":{"line":46,"column":16},"end":{"line":50,"column":1}},"line":46},"4":{"name":"(anonymous_4)","decl":{"start":{"line":47,"column":56},"end":{"line":47,"column":57}},"loc":{"start":{"line":47,"column":70},"end":{"line":49,"column":3}},"line":47},"5":{"name":"(anonymous_5)","decl":{"start":{"line":60,"column":23},"end":{"line":60,"column":24}},"loc":{"start":{"line":60,"column":30},"end":{"line":67,"column":3}},"line":60},"6":{"name":"(anonymous_6)","decl":{"start":{"line":69,"column":29},"end":{"line":69,"column":30}},"loc":{"start":{"line":69,"column":39},"end":{"line":76,"column":3}},"line":69},"7":{"name":"(anonymous_7)","decl":{"start":{"line":70,"column":30},"end":{"line":70,"column":31}},"loc":{"start":{"line":71,"column":6},"end":{"line":71,"column":63}},"line":71},"8":{"name":"(anonymous_8)","decl":{"start":{"line":78,"column":22},"end":{"line":78,"column":23}},"loc":{"start":{"line":78,"column":29},"end":{"line":84,"column":3}},"line":78},"9":{"name":"(anonymous_9)","decl":{"start":{"line":85,"column":26},"end":{"line":85,"column":27}},"loc":{"start":{"line":85,"column":32},"end":{"line":88,"column":3}},"line":85},"10":{"name":"(anonymous_10)","decl":{"start":{"line":130,"column":34},"end":{"line":130,"column":35}},"loc":{"start":{"line":131,"column":18},"end":{"line":131,"column":100}},"line":131}},"branchMap":{"0":{"loc":{"start":{"line":64,"column":4},"end":{"line":66,"column":5}},"type":"if","locations":[{"start":{"line":64,"column":4},"end":{"line":66,"column":5}},{"start":{},"end":{}}],"line":64},"1":{"loc":{"start":{"line":90,"column":2},"end":{"line":92,"column":3}},"type":"if","locations":[{"start":{"line":90,"column":2},"end":{"line":92,"column":3}},{"start":{},"end":{}}],"line":90}},"s":{"0":1,"1":0,"2":0,"3":0,"4":0,"5":0,"6":0,"7":0,"8":0,"9":0,"10":0,"11":0,"12":0,"13":0,"14":0,"15":0,"16":0,"17":0,"18":0,"19":0,"20":0,"21":0,"22":0,"23":0,"24":0,"25":0,"26":0,"27":0,"28":0,"29":0,"30":0,"31":0,"32":0,"33":0,"34":0,"35":0,"36":0,"37":0,"38":0},"f":{"0":0,"1":0,"2":0,"3":0,"4":0,"5":0,"6":0,"7":0,"8":0,"9":0,"10":0},"b":{"0":[0,0],"1":[0,0]},"_coverageSchema":"1a1c01bbd47fc00a2c39e90264f33305004495a9","hash":"bb66b809b28491c46168273398d3f0f5b39ab94a"}
}
