<?xml version="1.0" encoding="UTF-8"?>
<coverage generated="1717997029553" clover="3.2.0">
  <project timestamp="1717997029553" name="All files">
    <metrics statements="17" coveredstatements="13" conditionals="8" coveredconditionals="3" methods="9" coveredmethods="5" elements="34" coveredelements="21" complexity="0" loc="17" ncloc="17" packages="3" files="3" classes="3"/>
    <package name="Footer">
      <metrics statements="2" coveredstatements="2" conditionals="0" coveredconditionals="0" methods="1" coveredmethods="1"/>
      <file name="footer.jsx" path="D:\Health\Healthmanagement\src\Components\Footer\footer.jsx">
        <metrics statements="2" coveredstatements="2" conditionals="0" coveredconditionals="0" methods="1" coveredmethods="1"/>
        <line num="5" count="1" type="stmt"/>
        <line num="6" count="1" type="stmt"/>
      </file>
    </package>
    <package name="Header">
      <metrics statements="4" coveredstatements="4" conditionals="0" coveredconditionals="0" methods="2" coveredmethods="2"/>
      <file name="header.jsx" path="D:\Health\Healthmanagement\src\Components\Header\header.jsx">
        <metrics statements="4" coveredstatements="4" conditionals="0" coveredconditionals="0" methods="2" coveredmethods="2"/>
        <line num="7" count="1" type="stmt"/>
        <line num="12" count="1" type="stmt"/>
        <line num="13" count="1" type="stmt"/>
        <line num="14" count="1" type="stmt"/>
      </file>
    </package>
    <package name="Sidebar">
      <metrics statements="11" coveredstatements="7" conditionals="8" coveredconditionals="3" methods="6" coveredmethods="2"/>
      <file name="sidebar.jsx" path="D:\Health\Healthmanagement\src\Components\Sidebar\sidebar.jsx">
        <metrics statements="11" coveredstatements="7" conditionals="8" coveredconditionals="3" methods="6" coveredmethods="2"/>
        <line num="17" count="1" type="stmt"/>
        <line num="18" count="6" type="stmt"/>
        <line num="27" count="1" type="stmt"/>
        <line num="28" count="7" type="stmt"/>
        <line num="30" count="6" type="stmt"/>
        <line num="36" count="6" type="stmt"/>
        <line num="37" count="0" type="cond" truecount="0" falsecount="2"/>
        <line num="41" count="6" type="stmt"/>
        <line num="53" count="0" type="cond" truecount="1" falsecount="1"/>
        <line num="64" count="0" type="cond" truecount="1" falsecount="1"/>
        <line num="76" count="0" type="cond" truecount="1" falsecount="1"/>
      </file>
    </package>
  </project>
</coverage>
