{"D:\\Health\\Healthmanagement\\src\\Components\\Footer\\footer.jsx": {"path":"D:\\Health\\Healthmanagement\\src\\Components\\Footer\\footer.jsx","statementMap":{"0":{"start":{"line":5,"column":15},"end":{"line":13,"column":3}},"1":{"start":{"line":6,"column":4},"end":{"line":12,"column":6}}},"fnMap":{"0":{"name":"(anonymous_0)","decl":{"start":{"line":5,"column":15},"end":{"line":5,"column":16}},"loc":{"start":{"line":5,"column":21},"end":{"line":13,"column":3}},"line":5}},"branchMap":{},"s":{"0":1,"1":1},"f":{"0":1},"b":{},"_coverageSchema":"1a1c01bbd47fc00a2c39e90264f33305004495a9","hash":"7722568f0f59505469e469889a60da12b4d187c6"}
,"D:\\Health\\Healthmanagement\\src\\Components\\Header\\header.jsx": {"path":"D:\\Health\\Healthmanagement\\src\\Components\\Header\\header.jsx","statementMap":{"0":{"start":{"line":7,"column":18},"end":{"line":11,"column":3}},"1":{"start":{"line":7,"column":41},"end":{"line":11,"column":1}},"2":{"start":{"line":12,"column":15},"end":{"line":31,"column":1}},"3":{"start":{"line":13,"column":17},"end":{"line":13,"column":28}},"4":{"start":{"line":14,"column":1},"end":{"line":30,"column":3}}},"fnMap":{"0":{"name":"(anonymous_0)","decl":{"start":{"line":7,"column":29},"end":{"line":7,"column":30}},"loc":{"start":{"line":7,"column":41},"end":{"line":11,"column":1}},"line":7},"1":{"name":"(anonymous_1)","decl":{"start":{"line":12,"column":15},"end":{"line":12,"column":16}},"loc":{"start":{"line":12,"column":21},"end":{"line":31,"column":1}},"line":12}},"branchMap":{},"s":{"0":1,"1":1,"2":1,"3":1,"4":1},"f":{"0":1,"1":1},"b":{},"_coverageSchema":"1a1c01bbd47fc00a2c39e90264f33305004495a9","hash":"8f3ec3571d377b1a1ca7ba8d3635191719bec1c5"}
,"D:\\Health\\Healthmanagement\\src\\Components\\Sidebar\\sidebar.jsx": {"path":"D:\\Health\\Healthmanagement\\src\\Components\\Sidebar\\sidebar.jsx","statementMap":{"0":{"start":{"line":17,"column":20},"end":{"line":17,"column":23}},"1":{"start":{"line":18,"column":18},"end":{"line":26,"column":3}},"2":{"start":{"line":18,"column":41},"end":{"line":26,"column":1}},"3":{"start":{"line":27,"column":16},"end":{"line":90,"column":1}},"4":{"start":{"line":28,"column":42},"end":{"line":28,"column":56}},"5":{"start":{"line":30,"column":17},"end":{"line":30,"column":28}},"6":{"start":{"line":36,"column":25},"end":{"line":39,"column":1}},"7":{"start":{"line":37,"column":2},"end":{"line":37,"column":55}},"8":{"start":{"line":41,"column":1},"end":{"line":89,"column":3}},"9":{"start":{"line":53,"column":38},"end":{"line":53,"column":66}},"10":{"start":{"line":64,"column":32},"end":{"line":64,"column":64}},"11":{"start":{"line":76,"column":32},"end":{"line":76,"column":64}}},"fnMap":{"0":{"name":"(anonymous_0)","decl":{"start":{"line":18,"column":29},"end":{"line":18,"column":30}},"loc":{"start":{"line":18,"column":41},"end":{"line":26,"column":1}},"line":18},"1":{"name":"(anonymous_1)","decl":{"start":{"line":27,"column":16},"end":{"line":27,"column":17}},"loc":{"start":{"line":27,"column":22},"end":{"line":90,"column":1}},"line":27},"2":{"name":"(anonymous_2)","decl":{"start":{"line":36,"column":25},"end":{"line":36,"column":26}},"loc":{"start":{"line":36,"column":35},"end":{"line":39,"column":1}},"line":36},"3":{"name":"(anonymous_3)","decl":{"start":{"line":53,"column":32},"end":{"line":53,"column":33}},"loc":{"start":{"line":53,"column":38},"end":{"line":53,"column":66}},"line":53},"4":{"name":"(anonymous_4)","decl":{"start":{"line":64,"column":26},"end":{"line":64,"column":27}},"loc":{"start":{"line":64,"column":32},"end":{"line":64,"column":64}},"line":64},"5":{"name":"(anonymous_5)","decl":{"start":{"line":76,"column":26},"end":{"line":76,"column":27}},"loc":{"start":{"line":76,"column":32},"end":{"line":76,"column":64}},"line":76}},"branchMap":{"0":{"loc":{"start":{"line":37,"column":18},"end":{"line":37,"column":53}},"type":"cond-expr","locations":[{"start":{"line":37,"column":42},"end":{"line":37,"column":46}},{"start":{"line":37,"column":49},"end":{"line":37,"column":53}}],"line":37},"1":{"loc":{"start":{"line":53,"column":80},"end":{"line":53,"column":126}},"type":"cond-expr","locations":[{"start":{"line":53,"column":111},"end":{"line":53,"column":121}},{"start":{"line":53,"column":124},"end":{"line":53,"column":126}}],"line":53},"2":{"loc":{"start":{"line":64,"column":78},"end":{"line":64,"column":128}},"type":"cond-expr","locations":[{"start":{"line":64,"column":113},"end":{"line":64,"column":123}},{"start":{"line":64,"column":126},"end":{"line":64,"column":128}}],"line":64},"3":{"loc":{"start":{"line":76,"column":77},"end":{"line":76,"column":127}},"type":"cond-expr","locations":[{"start":{"line":76,"column":112},"end":{"line":76,"column":122}},{"start":{"line":76,"column":125},"end":{"line":76,"column":127}}],"line":76}},"s":{"0":1,"1":1,"2":6,"3":1,"4":7,"5":6,"6":6,"7":0,"8":6,"9":0,"10":0,"11":0},"f":{"0":6,"1":7,"2":0,"3":0,"4":0,"5":0},"b":{"0":[0,0],"1":[0,6],"2":[0,6],"3":[0,6]},"_coverageSchema":"1a1c01bbd47fc00a2c39e90264f33305004495a9","hash":"c7bbc3a4ca26b2380423c618bfc21a3511f52a8a"}
}
