TN:
SF:src\Components\Footer\footer.jsx
FN:5,(anonymous_0)
FNF:1
FNH:1
FNDA:1,(anonymous_0)
DA:5,1
DA:6,1
LF:2
LH:2
BRF:0
BRH:0
end_of_record
TN:
SF:src\Components\Header\header.jsx
FN:7,(anonymous_0)
FN:12,(anonymous_1)
FNF:2
FNH:2
FNDA:1,(anonymous_0)
FNDA:1,(anonymous_1)
DA:7,1
DA:12,1
DA:13,1
DA:14,1
LF:4
LH:4
BRF:0
BRH:0
end_of_record
TN:
SF:src\Components\Sidebar\sidebar.jsx
FN:18,(anonymous_0)
FN:27,(anonymous_1)
FN:36,(anonymous_2)
FN:53,(anonymous_3)
FN:64,(anonymous_4)
FN:76,(anonymous_5)
FNF:6
FNH:2
FNDA:6,(anonymous_0)
FNDA:7,(anonymous_1)
FNDA:0,(anonymous_2)
FNDA:0,(anonymous_3)
FNDA:0,(anonymous_4)
FNDA:0,(anonymous_5)
DA:17,1
DA:18,6
DA:27,1
DA:28,7
DA:30,6
DA:36,6
DA:37,0
DA:41,6
DA:53,0
DA:64,0
DA:76,0
LF:11
LH:7
BRDA:37,0,0,0
BRDA:37,0,1,0
BRDA:53,1,0,0
BRDA:53,1,1,6
BRDA:64,2,0,0
BRDA:64,2,1,6
BRDA:76,3,0,0
BRDA:76,3,1,6
BRF:8
BRH:3
end_of_record
